C51 COMPILER V9.01   MAIN                                                                  05/31/2019 19:17:35 PAGE 1   


C51 COMPILER V9.01, COMPILATION OF MODULE MAIN
OBJECT MODULE PLACED IN main.OBJ
COMPILER INVOKED BY: E:\aastudy\keil\install\C51\BIN\C51.EXE main.c BROWSE DEBUG OBJECTEXTEND

line level    source

   1          #include<reg51.h>
   2          #include<string.h>
   3          #include"1602.h"
   4          #include"Usart.h"
   5          sbit Trig = P2^1;
   6          sbit Echo = P2^0;
   7          
   8          typedef unsigned int u16;
   9          typedef unsigned char u8;
  10          
  11           u8 flag;
  12           u16 time;
  13           u16 S;
  14           int limi=0,fenmi=0,mi=0;
  15           
  16          void count()
  17          {
  18   1              time=TH0*256+TL0;
  19   1               TH0=0;
  20   1               TL0=0;
  21   1              
  22   1               S=(time*1.7)/100;
  23   1              if((S>=700)||flag==1)
  24   1               {       
  25   2                flag=0;
  26   2              
  27   2              limi=9;
  28   2                       fenmi=9;
  29   2                       mi=9 ;
  30   2               }
  31   1               else
  32   1               {
  33   2                      limi=S%10;
  34   2              fenmi=S/10%10;
  35   2              mi=S/100;
  36   2               }
  37   1               if((limi>=0&&limi<=9)&&(fenmi>=0&&fenmi<=9)&&(mi>=0&&mi<=8))
  38   1               {
  39   2               ttldat[2]=limi;
  40   2                ttldat[1]=fenmi;
  41   2                ttldat[0]=mi;
  42   2                      }
  43   1      }
  44          
  45          void lcddisplay()
  46          {
  47   1              lcdcom(0xc5);
  48   1              
  49   1              lcddat(ttldat[0]+0x30);
  50   1              lcddat('.');
  51   1              lcddat(ttldat[1]+0x30);
  52   1              lcddat(ttldat[2]+0x30);
  53   1              lcddat('M');
  54   1              
  55   1      }
C51 COMPILER V9.01   MAIN                                                                  05/31/2019 19:17:35 PAGE 2   

  56          
  57          
  58          void main(void)
  59          {
  60   1          lcdinit("distance:");       
  61   1              UsartInit();
  62   1              Trig=0;    
  63   1          TH0=0;
  64   1          TL0=0;       
  65   1              ET0=1;            
  66   1              while(1)
  67   1              {
  68   2                      Trig=1;
  69   2                      delayms(1);
  70   2                       Trig=0;
  71   2                      while(!Echo);           //当RX为零时等待
  72   2                      TR0=1;                      //开启计数
  73   2                      while(Echo);                    //当RX为1计数并等待
  74   2                      TR0=0;                          //关闭计数
  75   2                      count();
  76   2                      lcddisplay();
  77   2                      delayms(100);
  78   2                      TI=1;
  79   2              }
  80   1                              
  81   1      }
  82          
  83                  void zd0() interrupt 1 
  84          {
  85   1              flag=1;
  86   1              
  87   1      }
  88          
  89            void Usart() interrupt 4
  90          {               
  91   1                      SendData();
  92   1              
  93   1      }


MODULE INFORMATION:   STATIC OVERLAYABLE
   CODE SIZE        =    734    ----
   CONSTANT SIZE    =     16    ----
   XDATA SIZE       =   ----    ----
   PDATA SIZE       =   ----    ----
   DATA SIZE        =     14      16
   IDATA SIZE       =   ----    ----
   BIT SIZE         =   ----       1
END OF MODULE INFORMATION.


C51 COMPILATION COMPLETE.  0 WARNING(S),  0 ERROR(S)
